[     486ms] [ERROR] Failed to load resource: the server responded with a status of 404 (Not Found) @ http://127.0.0.1:3101/images/community/avatars/edgar-kumagai.jpg?v=20260713-community-v1:0
[    2549ms] Error: All keyframes must be of the same type
    at invariant (webpack-internal:///(app-pages-browser)/./node_modules/framer-motion/dist/es/utils/errors.mjs:19:19)
    at eval (webpack-internal:///(app-pages-browser)/./node_modules/framer-motion/dist/es/render/dom/utils/unit-conversion.mjs:155:81)
    at Array.forEach (<anonymous>)
    at checkAndConvertChangedValueTypes (webpack-internal:///(app-pages-browser)/./node_modules/framer-motion/dist/es/render/dom/utils/unit-conversion.mjs:125:26)
    at unitConversion (webpack-internal:///(app-pages-browser)/./node_modules/framer-motion/dist/es/render/dom/utils/unit-conversion.mjs:238:11)
    at parseDomVariant (webpack-internal:///(app-pages-browser)/./node_modules/framer-motion/dist/es/render/dom/utils/parse-dom-variant.mjs:18:80)
    at HTMLVisualElement.makeTargetAnimatableFromInstance (webpack-internal:///(app-pages-browser)/./node_modules/framer-motion/dist/es/render/dom/DOMVisualElement.mjs:43:105)
    at HTMLVisualElement.makeTargetAnimatable (webpack-internal:///(app-pages-browser)/./node_modules/framer-motion/dist/es/render/VisualElement.mjs:335:21)
    at animateTarget (webpack-internal:///(app-pages-browser)/./node_modules/framer-motion/dist/es/animation/interfaces/visual-element-target.mjs:44:105)
    at animateVisualElement (webpack-internal:///(app-pages-browser)/./node_modules/framer-motion/dist/es/animation/interfaces/visual-element.mjs:26:106)
    at eval (webpack-internal:///(app-pages-browser)/./node_modules/framer-motion/dist/es/render/utils/animation-state.mjs:24:177)
    at Array.map (<anonymous>)
    at eval (webpack-internal:///(app-pages-browser)/./node_modules/framer-motion/dist/es/render/utils/animation-state.mjs:24:51)
    at Object.animateChanges (webpack-internal:///(app-pages-browser)/./node_modules/framer-motion/dist/es/render/utils/animation-state.mjs:269:32)
    at eval (webpack-internal:///(app-pages-browser)/./node_modules/framer-motion/dist/es/motion/utils/use-visual-element.mjs:74:42)
    at commitHookEffectListMount (webpack-internal:///(app-pages-browser)/./node_modules/next/dist/compiled/react-dom-experimental/cjs/react-dom.development.js:20749:23)
    at commitHookPassiveMountEffects (webpack-internal:///(app-pages-browser)/./node_modules/next/dist/compiled/react-dom-experimental/cjs/react-dom.development.js:22819:7)
    at commitPassiveMountOnFiber (webpack-internal:///(app-pages-browser)/./node_modules/next/dist/compiled/react-dom-experimental/cjs/react-dom.development.js:22924:11)
    at recursivelyTraversePassiveMountEffects (webpack-internal:///(app-pages-browser)/./node_modules/next/dist/compiled/react-dom-experimental/cjs/react-dom.development.js:22902:7)
    at commitPassiveMountOnFiber (webpack-internal:///(app-pages-browser)/./node_modules/next/dist/compiled/react-dom-experimental/cjs/react-dom.development.js:22921:9)
    at recursivelyTraversePassiveMountEffects (webpack-internal:///(app-pages-browser)/./node_modules/next/dist/compiled/react-dom-experimental/cjs/react-dom.development.js:22902:7)
    at commitPassiveMountOnFiber (webpack-internal:///(app-pages-browser)/./node_modules/next/dist/compiled/react-dom-experimental/cjs/react-dom.development.js:23035:9)
    at recursivelyTraversePassiveMountEffects (webpack-internal:///(app-pages-browser)/./node_modules/next/dist/compiled/react-dom-experimental/cjs/react-dom.development.js:22902:7)
    at commitPassiveMountOnFiber (webpack-internal:///(app-pages-browser)/./node_modules/next/dist/compiled/react-dom-experimental/cjs/react-dom.development.js:23035:9)
    at recursivelyTraversePassiveMountEffects (webpack-internal:///(app-pages-browser)/./node_modules/next/dist/compiled/react-dom-experimental/cjs/react-dom.development.js:22902:7)
    at commitPassiveMountOnFiber (webpack-internal:///(app-pages-browser)/./node_modules/next/dist/compiled/react-dom-experimental/cjs/react-dom.development.js:22921:9)
    at recursivelyTraversePassiveMountEffects (webpack-internal:///(app-pages-browser)/./node_modules/next/dist/compiled/react-dom-experimental/cjs/react-dom.development.js:22902:7)
    at commitPassiveMountOnFiber (webpack-internal:///(app-pages-browser)/./node_modules/next/dist/compiled/react-dom-experimental/cjs/react-dom.development.js:23035:9)
    at recursivelyTraversePassiveMountEffects (webpack-internal:///(app-pages-browser)/./node_modules/next/dist/compiled/react-dom-experimental/cjs/react-dom.development.js:22902:7)
    at commitPassiveMountOnFiber (webpack-internal:///(app-pages-browser)/./node_modules/next/dist/compiled/react-dom-experimental/cjs/react-dom.development.js:22921:9)
    at recursivelyTraversePassiveMountEffects (webpack-internal:///(app-pages-browser)/./node_modules/next/dist/compiled/react-dom-experimental/cjs/react-dom.development.js:22902:7)
    at commitPassiveMountOnFiber (webpack-internal:///(app-pages-browser)/./node_modules/next/dist/compiled/react-dom-experimental/cjs/react-dom.development.js:22921:9)
    at recursivelyTraversePassiveMountEffects (webpack-internal:///(app-pages-browser)/./node_modules/next/dist/compiled/react-dom-experimental/cjs/react-dom.development.js:22902:7)
    at commitPassiveMountOnFiber (webpack-internal:///(app-pages-browser)/./node_modules/next/dist/compiled/react-dom-experimental/cjs/react-dom.development.js:23035:9)
    at recursivelyTraversePassiveMountEffects (webpack-internal:///(app-pages-browser)/./node_modules/next/dist/compiled/react-dom-experimental/cjs/react-dom.development.js:22902:7)
    at commitPassiveMountOnFiber (webpack-internal:///(app-pages-browser)/./node_modules/next/dist/compiled/react-dom-experimental/cjs/react-dom.development.js:23035:9)
    at recursivelyTraversePassiveMountEffects (webpack-internal:///(app-pages-browser)/./node_modules/next/dist/compiled/react-dom-experimental/cjs/react-dom.development.js:22902:7)
    at commitPassiveMountOnFiber (webpack-internal:///(app-pages-browser)/./node_modules/next/dist/compiled/react-dom-experimental/cjs/react-dom.development.js:23035:9)
    at recursivelyTraversePassiveMountEffects (webpack-internal:///(app-pages-browser)/./node_modules/next/dist/compiled/react-dom-experimental/cjs/react-dom.development.js:22902:7)
    at commitPassiveMountOnFiber (webpack-internal:///(app-pages-browser)/./node_modules/next/dist/compiled/react-dom-experimental/cjs/react-dom.development.js:22921:9)
    at recursivelyTraversePassiveMountEffects (webpack-internal:///(app-pages-browser)/./node_modules/next/dist/compiled/react-dom-experimental/cjs/react-dom.development.js:22902:7)
    at commitPassiveMountOnFiber (webpack-internal:///(app-pages-browser)/./node_modules/next/dist/compiled/react-dom-experimental/cjs/react-dom.development.js:23035:9)
    at recursivelyTraversePassiveMountEffects (webpack-internal:///(app-pages-browser)/./node_modules/next/dist/compiled/react-dom-experimental/cjs/react-dom.development.js:22902:7)
    at commitPassiveMountOnFiber (webpack-internal:///(app-pages-browser)/./node_modules/next/dist/compiled/react-dom-experimental/cjs/react-dom.development.js:23035:9)
    at recursivelyTraversePassiveMountEffects (webpack-internal:///(app-pages-browser)/./node_modules/next/dist/compiled/react-dom-experimental/cjs/react-dom.development.js:22902:7)
    at commitPassiveMountOnFiber (webpack-internal:///(app-pages-browser)/./node_modules/next/dist/compiled/react-dom-experimental/cjs/react-dom.development.js:23035:9)
    at recursivelyTraversePassiveMountEffects (webpack-internal:///(app-pages-browser)/./node_modules/next/dist/compiled/react-dom-experimental/cjs/react-dom.development.js:22902:7)
    at commitPassiveMountOnFiber (webpack-internal:///(app-pages-browser)/./node_modules/next/dist/compiled/react-dom-experimental/cjs/react-dom.development.js:23035:9)
    at recursivelyTraversePassiveMountEffects (webpack-internal:///(app-pages-browser)/./node_modules/next/dist/compiled/react-dom-experimental/cjs/react-dom.development.js:22902:7)
    at commitPassiveMountOnFiber (webpack-internal:///(app-pages-browser)/./node_modules/next/dist/compiled/react-dom-experimental/cjs/react-dom.development.js:23035:9)
[    2558ms] Error: All keyframes must be of the same type
    at invariant (webpack-internal:///(app-pages-browser)/./node_modules/framer-motion/dist/es/utils/errors.mjs:19:19)
    at eval (webpack-internal:///(app-pages-browser)/./node_modules/framer-motion/dist/es/render/dom/utils/unit-conversion.mjs:155:81)
    at Array.forEach (<anonymous>)
    at checkAndConvertChangedValueTypes (webpack-internal:///(app-pages-browser)/./node_modules/framer-motion/dist/es/render/dom/utils/unit-conversion.mjs:125:26)
    at unitConversion (webpack-internal:///(app-pages-browser)/./node_modules/framer-motion/dist/es/render/dom/utils/unit-conversion.mjs:238:11)
    at parseDomVariant (webpack-internal:///(app-pages-browser)/./node_modules/framer-motion/dist/es/render/dom/utils/parse-dom-variant.mjs:18:80)
    at HTMLVisualElement.makeTargetAnimatableFromInstance (webpack-internal:///(app-pages-browser)/./node_modules/framer-motion/dist/es/render/dom/DOMVisualElement.mjs:43:105)
    at HTMLVisualElement.makeTargetAnimatable (webpack-internal:///(app-pages-browser)/./node_modules/framer-motion/dist/es/render/VisualElement.mjs:335:21)
    at animateTarget (webpack-internal:///(app-pages-browser)/./node_modules/framer-motion/dist/es/animation/interfaces/visual-element-target.mjs:44:105)
    at animateVisualElement (webpack-internal:///(app-pages-browser)/./node_modules/framer-motion/dist/es/animation/interfaces/visual-element.mjs:26:106)
    at eval (webpack-internal:///(app-pages-browser)/./node_modules/framer-motion/dist/es/render/utils/animation-state.mjs:24:177)
    at Array.map (<anonymous>)
    at eval (webpack-internal:///(app-pages-browser)/./node_modules/framer-motion/dist/es/render/utils/animation-state.mjs:24:51)
    at Object.animateChanges (webpack-internal:///(app-pages-browser)/./node_modules/framer-motion/dist/es/render/utils/animation-state.mjs:269:32)
    at eval (webpack-internal:///(app-pages-browser)/./node_modules/framer-motion/dist/es/motion/utils/use-visual-element.mjs:74:42)
    at commitHookEffectListMount (webpack-internal:///(app-pages-browser)/./node_modules/next/dist/compiled/react-dom-experimental/cjs/react-dom.development.js:20749:23)
    at commitHookPassiveMountEffects (webpack-internal:///(app-pages-browser)/./node_modules/next/dist/compiled/react-dom-experimental/cjs/react-dom.development.js:22819:7)
    at commitPassiveMountOnFiber (webpack-internal:///(app-pages-browser)/./node_modules/next/dist/compiled/react-dom-experimental/cjs/react-dom.development.js:22924:11)
    at recursivelyTraversePassiveMountEffects (webpack-internal:///(app-pages-browser)/./node_modules/next/dist/compiled/react-dom-experimental/cjs/react-dom.development.js:22902:7)
    at commitPassiveMountOnFiber (webpack-internal:///(app-pages-browser)/./node_modules/next/dist/compiled/react-dom-experimental/cjs/react-dom.development.js:22921:9)
    at recursivelyTraversePassiveMountEffects (webpack-internal:///(app-pages-browser)/./node_modules/next/dist/compiled/react-dom-experimental/cjs/react-dom.development.js:22902:7)
    at commitPassiveMountOnFiber (webpack-internal:///(app-pages-browser)/./node_modules/next/dist/compiled/react-dom-experimental/cjs/react-dom.development.js:23035:9)
    at recursivelyTraversePassiveMountEffects (webpack-internal:///(app-pages-browser)/./node_modules/next/dist/compiled/react-dom-experimental/cjs/react-dom.development.js:22902:7)
    at commitPassiveMountOnFiber (webpack-internal:///(app-pages-browser)/./node_modules/next/dist/compiled/react-dom-experimental/cjs/react-dom.development.js:23035:9)
    at recursivelyTraversePassiveMountEffects (webpack-internal:///(app-pages-browser)/./node_modules/next/dist/compiled/react-dom-experimental/cjs/react-dom.development.js:22902:7)
    at commitPassiveMountOnFiber (webpack-internal:///(app-pages-browser)/./node_modules/next/dist/compiled/react-dom-experimental/cjs/react-dom.development.js:22921:9)
    at recursivelyTraversePassiveMountEffects (webpack-internal:///(app-pages-browser)/./node_modules/next/dist/compiled/react-dom-experimental/cjs/react-dom.development.js:22902:7)
    at commitPassiveMountOnFiber (webpack-internal:///(app-pages-browser)/./node_modules/next/dist/compiled/react-dom-experimental/cjs/react-dom.development.js:23035:9)
    at recursivelyTraversePassiveMountEffects (webpack-internal:///(app-pages-browser)/./node_modules/next/dist/compiled/react-dom-experimental/cjs/react-dom.development.js:22902:7)
    at commitPassiveMountOnFiber (webpack-internal:///(app-pages-browser)/./node_modules/next/dist/compiled/react-dom-experimental/cjs/react-dom.development.js:22921:9)
    at recursivelyTraversePassiveMountEffects (webpack-internal:///(app-pages-browser)/./node_modules/next/dist/compiled/react-dom-experimental/cjs/react-dom.development.js:22902:7)
    at commitPassiveMountOnFiber (webpack-internal:///(app-pages-browser)/./node_modules/next/dist/compiled/react-dom-experimental/cjs/react-dom.development.js:22921:9)
    at recursivelyTraversePassiveMountEffects (webpack-internal:///(app-pages-browser)/./node_modules/next/dist/compiled/react-dom-experimental/cjs/react-dom.development.js:22902:7)
    at commitPassiveMountOnFiber (webpack-internal:///(app-pages-browser)/./node_modules/next/dist/compiled/react-dom-experimental/cjs/react-dom.development.js:23035:9)
    at recursivelyTraversePassiveMountEffects (webpack-internal:///(app-pages-browser)/./node_modules/next/dist/compiled/react-dom-experimental/cjs/react-dom.development.js:22902:7)
    at commitPassiveMountOnFiber (webpack-internal:///(app-pages-browser)/./node_modules/next/dist/compiled/react-dom-experimental/cjs/react-dom.development.js:23035:9)
    at recursivelyTraversePassiveMountEffects (webpack-internal:///(app-pages-browser)/./node_modules/next/dist/compiled/react-dom-experimental/cjs/react-dom.development.js:22902:7)
    at commitPassiveMountOnFiber (webpack-internal:///(app-pages-browser)/./node_modules/next/dist/compiled/react-dom-experimental/cjs/react-dom.development.js:23035:9)
    at recursivelyTraversePassiveMountEffects (webpack-internal:///(app-pages-browser)/./node_modules/next/dist/compiled/react-dom-experimental/cjs/react-dom.development.js:22902:7)
    at commitPassiveMountOnFiber (webpack-internal:///(app-pages-browser)/./node_modules/next/dist/compiled/react-dom-experimental/cjs/react-dom.development.js:22921:9)
    at recursivelyTraversePassiveMountEffects (webpack-internal:///(app-pages-browser)/./node_modules/next/dist/compiled/react-dom-experimental/cjs/react-dom.development.js:22902:7)
    at commitPassiveMountOnFiber (webpack-internal:///(app-pages-browser)/./node_modules/next/dist/compiled/react-dom-experimental/cjs/react-dom.development.js:23035:9)
    at recursivelyTraversePassiveMountEffects (webpack-internal:///(app-pages-browser)/./node_modules/next/dist/compiled/react-dom-experimental/cjs/react-dom.development.js:22902:7)
    at commitPassiveMountOnFiber (webpack-internal:///(app-pages-browser)/./node_modules/next/dist/compiled/react-dom-experimental/cjs/react-dom.development.js:23035:9)
    at recursivelyTraversePassiveMountEffects (webpack-internal:///(app-pages-browser)/./node_modules/next/dist/compiled/react-dom-experimental/cjs/react-dom.development.js:22902:7)
    at commitPassiveMountOnFiber (webpack-internal:///(app-pages-browser)/./node_modules/next/dist/compiled/react-dom-experimental/cjs/react-dom.development.js:23035:9)
    at recursivelyTraversePassiveMountEffects (webpack-internal:///(app-pages-browser)/./node_modules/next/dist/compiled/react-dom-experimental/cjs/react-dom.development.js:22902:7)
    at commitPassiveMountOnFiber (webpack-internal:///(app-pages-browser)/./node_modules/next/dist/compiled/react-dom-experimental/cjs/react-dom.development.js:23035:9)
    at recursivelyTraversePassiveMountEffects (webpack-internal:///(app-pages-browser)/./node_modules/next/dist/compiled/react-dom-experimental/cjs/react-dom.development.js:22902:7)
    at commitPassiveMountOnFiber (webpack-internal:///(app-pages-browser)/./node_modules/next/dist/compiled/react-dom-experimental/cjs/react-dom.development.js:23035:9)
[    2559ms] Error: All keyframes must be of the same type
    at invariant (webpack-internal:///(app-pages-browser)/./node_modules/framer-motion/dist/es/utils/errors.mjs:19:19)
    at eval (webpack-internal:///(app-pages-browser)/./node_modules/framer-motion/dist/es/render/dom/utils/unit-conversion.mjs:155:81)
    at Array.forEach (<anonymous>)
    at checkAndConvertChangedValueTypes (webpack-internal:///(app-pages-browser)/./node_modules/framer-motion/dist/es/render/dom/utils/unit-conversion.mjs:125:26)
    at unitConversion (webpack-internal:///(app-pages-browser)/./node_modules/framer-motion/dist/es/render/dom/utils/unit-conversion.mjs:238:11)
    at parseDomVariant (webpack-internal:///(app-pages-browser)/./node_modules/framer-motion/dist/es/render/dom/utils/parse-dom-variant.mjs:18:80)
    at HTMLVisualElement.makeTargetAnimatableFromInstance (webpack-internal:///(app-pages-browser)/./node_modules/framer-motion/dist/es/render/dom/DOMVisualElement.mjs:43:105)
    at HTMLVisualElement.makeTargetAnimatable (webpack-internal:///(app-pages-browser)/./node_modules/framer-motion/dist/es/render/VisualElement.mjs:335:21)
    at animateTarget (webpack-internal:///(app-pages-browser)/./node_modules/framer-motion/dist/es/animation/interfaces/visual-element-target.mjs:44:105)
    at animateVisualElement (webpack-internal:///(app-pages-browser)/./node_modules/framer-motion/dist/es/animation/interfaces/visual-element.mjs:26:106)
    at eval (webpack-internal:///(app-pages-browser)/./node_modules/framer-motion/dist/es/render/utils/animation-state.mjs:24:177)
    at Array.map (<anonymous>)
    at eval (webpack-internal:///(app-pages-browser)/./node_modules/framer-motion/dist/es/render/utils/animation-state.mjs:24:51)
    at Object.animateChanges (webpack-internal:///(app-pages-browser)/./node_modules/framer-motion/dist/es/render/utils/animation-state.mjs:269:32)
    at eval (webpack-internal:///(app-pages-browser)/./node_modules/framer-motion/dist/es/motion/utils/use-visual-element.mjs:74:42)
    at commitHookEffectListMount (webpack-internal:///(app-pages-browser)/./node_modules/next/dist/compiled/react-dom-experimental/cjs/react-dom.development.js:20749:23)
    at commitHookPassiveMountEffects (webpack-internal:///(app-pages-browser)/./node_modules/next/dist/compiled/react-dom-experimental/cjs/react-dom.development.js:22819:7)
    at commitPassiveMountOnFiber (webpack-internal:///(app-pages-browser)/./node_modules/next/dist/compiled/react-dom-experimental/cjs/react-dom.development.js:22924:11)
    at recursivelyTraversePassiveMountEffects (webpack-internal:///(app-pages-browser)/./node_modules/next/dist/compiled/react-dom-experimental/cjs/react-dom.development.js:22902:7)
    at commitPassiveMountOnFiber (webpack-internal:///(app-pages-browser)/./node_modules/next/dist/compiled/react-dom-experimental/cjs/react-dom.development.js:22921:9)
    at recursivelyTraversePassiveMountEffects (webpack-internal:///(app-pages-browser)/./node_modules/next/dist/compiled/react-dom-experimental/cjs/react-dom.development.js:22902:7)
    at commitPassiveMountOnFiber (webpack-internal:///(app-pages-browser)/./node_modules/next/dist/compiled/react-dom-experimental/cjs/react-dom.development.js:23035:9)
    at recursivelyTraversePassiveMountEffects (webpack-internal:///(app-pages-browser)/./node_modules/next/dist/compiled/react-dom-experimental/cjs/react-dom.development.js:22902:7)
    at commitPassiveMountOnFiber (webpack-internal:///(app-pages-browser)/./node_modules/next/dist/compiled/react-dom-experimental/cjs/react-dom.development.js:23035:9)
    at recursivelyTraversePassiveMountEffects (webpack-internal:///(app-pages-browser)/./node_modules/next/dist/compiled/react-dom-experimental/cjs/react-dom.development.js:22902:7)
    at commitPassiveMountOnFiber (webpack-internal:///(app-pages-browser)/./node_modules/next/dist/compiled/react-dom-experimental/cjs/react-dom.development.js:22921:9)
    at recursivelyTraversePassiveMountEffects (webpack-internal:///(app-pages-browser)/./node_modules/next/dist/compiled/react-dom-experimental/cjs/react-dom.development.js:22902:7)
    at commitPassiveMountOnFiber (webpack-internal:///(app-pages-browser)/./node_modules/next/dist/compiled/react-dom-experimental/cjs/react-dom.development.js:23035:9)
    at recursivelyTraversePassiveMountEffects (webpack-internal:///(app-pages-browser)/./node_modules/next/dist/compiled/react-dom-experimental/cjs/react-dom.development.js:22902:7)
    at commitPassiveMountOnFiber (webpack-internal:///(app-pages-browser)/./node_modules/next/dist/compiled/react-dom-experimental/cjs/react-dom.development.js:22921:9)
    at recursivelyTraversePassiveMountEffects (webpack-internal:///(app-pages-browser)/./node_modules/next/dist/compiled/react-dom-experimental/cjs/react-dom.development.js:22902:7)
    at commitPassiveMountOnFiber (webpack-internal:///(app-pages-browser)/./node_modules/next/dist/compiled/react-dom-experimental/cjs/react-dom.development.js:22921:9)
    at recursivelyTraversePassiveMountEffects (webpack-internal:///(app-pages-browser)/./node_modules/next/dist/compiled/react-dom-experimental/cjs/react-dom.development.js:22902:7)
    at commitPassiveMountOnFiber (webpack-internal:///(app-pages-browser)/./node_modules/next/dist/compiled/react-dom-experimental/cjs/react-dom.development.js:23035:9)
    at recursivelyTraversePassiveMountEffects (webpack-internal:///(app-pages-browser)/./node_modules/next/dist/compiled/react-dom-experimental/cjs/react-dom.development.js:22902:7)
    at commitPassiveMountOnFiber (webpack-internal:///(app-pages-browser)/./node_modules/next/dist/compiled/react-dom-experimental/cjs/react-dom.development.js:23035:9)
    at recursivelyTraversePassiveMountEffects (webpack-internal:///(app-pages-browser)/./node_modules/next/dist/compiled/react-dom-experimental/cjs/react-dom.development.js:22902:7)
    at commitPassiveMountOnFiber (webpack-internal:///(app-pages-browser)/./node_modules/next/dist/compiled/react-dom-experimental/cjs/react-dom.development.js:23035:9)
    at recursivelyTraversePassiveMountEffects (webpack-internal:///(app-pages-browser)/./node_modules/next/dist/compiled/react-dom-experimental/cjs/react-dom.development.js:22902:7)
    at commitPassiveMountOnFiber (webpack-internal:///(app-pages-browser)/./node_modules/next/dist/compiled/react-dom-experimental/cjs/react-dom.development.js:22921:9)
    at recursivelyTraversePassiveMountEffects (webpack-internal:///(app-pages-browser)/./node_modules/next/dist/compiled/react-dom-experimental/cjs/react-dom.development.js:22902:7)
    at commitPassiveMountOnFiber (webpack-internal:///(app-pages-browser)/./node_modules/next/dist/compiled/react-dom-experimental/cjs/react-dom.development.js:23035:9)
    at recursivelyTraversePassiveMountEffects (webpack-internal:///(app-pages-browser)/./node_modules/next/dist/compiled/react-dom-experimental/cjs/react-dom.development.js:22902:7)
    at commitPassiveMountOnFiber (webpack-internal:///(app-pages-browser)/./node_modules/next/dist/compiled/react-dom-experimental/cjs/react-dom.development.js:23035:9)
    at recursivelyTraversePassiveMountEffects (webpack-internal:///(app-pages-browser)/./node_modules/next/dist/compiled/react-dom-experimental/cjs/react-dom.development.js:22902:7)
    at commitPassiveMountOnFiber (webpack-internal:///(app-pages-browser)/./node_modules/next/dist/compiled/react-dom-experimental/cjs/react-dom.development.js:23035:9)
    at recursivelyTraversePassiveMountEffects (webpack-internal:///(app-pages-browser)/./node_modules/next/dist/compiled/react-dom-experimental/cjs/react-dom.development.js:22902:7)
    at commitPassiveMountOnFiber (webpack-internal:///(app-pages-browser)/./node_modules/next/dist/compiled/react-dom-experimental/cjs/react-dom.development.js:23035:9)
    at recursivelyTraversePassiveMountEffects (webpack-internal:///(app-pages-browser)/./node_modules/next/dist/compiled/react-dom-experimental/cjs/react-dom.development.js:22902:7)
    at commitPassiveMountOnFiber (webpack-internal:///(app-pages-browser)/./node_modules/next/dist/compiled/react-dom-experimental/cjs/react-dom.development.js:23035:9)
[    2560ms] Error: All keyframes must be of the same type
    at invariant (webpack-internal:///(app-pages-browser)/./node_modules/framer-motion/dist/es/utils/errors.mjs:19:19)
    at eval (webpack-internal:///(app-pages-browser)/./node_modules/framer-motion/dist/es/render/dom/utils/unit-conversion.mjs:155:81)
    at Array.forEach (<anonymous>)
    at checkAndConvertChangedValueTypes (webpack-internal:///(app-pages-browser)/./node_modules/framer-motion/dist/es/render/dom/utils/unit-conversion.mjs:125:26)
    at unitConversion (webpack-internal:///(app-pages-browser)/./node_modules/framer-motion/dist/es/render/dom/utils/unit-conversion.mjs:238:11)
    at parseDomVariant (webpack-internal:///(app-pages-browser)/./node_modules/framer-motion/dist/es/render/dom/utils/parse-dom-variant.mjs:18:80)
    at HTMLVisualElement.makeTargetAnimatableFromInstance (webpack-internal:///(app-pages-browser)/./node_modules/framer-motion/dist/es/render/dom/DOMVisualElement.mjs:43:105)
    at HTMLVisualElement.makeTargetAnimatable (webpack-internal:///(app-pages-browser)/./node_modules/framer-motion/dist/es/render/VisualElement.mjs:335:21)
    at animateTarget (webpack-internal:///(app-pages-browser)/./node_modules/framer-motion/dist/es/animation/interfaces/visual-element-target.mjs:44:105)
    at animateVisualElement (webpack-internal:///(app-pages-browser)/./node_modules/framer-motion/dist/es/animation/interfaces/visual-element.mjs:26:106)
    at eval (webpack-internal:///(app-pages-browser)/./node_modules/framer-motion/dist/es/render/utils/animation-state.mjs:24:177)
    at Array.map (<anonymous>)
    at eval (webpack-internal:///(app-pages-browser)/./node_modules/framer-motion/dist/es/render/utils/animation-state.mjs:24:51)
    at Object.animateChanges (webpack-internal:///(app-pages-browser)/./node_modules/framer-motion/dist/es/render/utils/animation-state.mjs:269:32)
    at eval (webpack-internal:///(app-pages-browser)/./node_modules/framer-motion/dist/es/motion/utils/use-visual-element.mjs:74:42)
    at commitHookEffectListMount (webpack-internal:///(app-pages-browser)/./node_modules/next/dist/compiled/react-dom-experimental/cjs/react-dom.development.js:20749:23)
    at commitHookPassiveMountEffects (webpack-internal:///(app-pages-browser)/./node_modules/next/dist/compiled/react-dom-experimental/cjs/react-dom.development.js:22819:7)
    at commitPassiveMountOnFiber (webpack-internal:///(app-pages-browser)/./node_modules/next/dist/compiled/react-dom-experimental/cjs/react-dom.development.js:22924:11)
    at recursivelyTraversePassiveMountEffects (webpack-internal:///(app-pages-browser)/./node_modules/next/dist/compiled/react-dom-experimental/cjs/react-dom.development.js:22902:7)
    at commitPassiveMountOnFiber (webpack-internal:///(app-pages-browser)/./node_modules/next/dist/compiled/react-dom-experimental/cjs/react-dom.development.js:22921:9)
    at recursivelyTraversePassiveMountEffects (webpack-internal:///(app-pages-browser)/./node_modules/next/dist/compiled/react-dom-experimental/cjs/react-dom.development.js:22902:7)
    at commitPassiveMountOnFiber (webpack-internal:///(app-pages-browser)/./node_modules/next/dist/compiled/react-dom-experimental/cjs/react-dom.development.js:23035:9)
    at recursivelyTraversePassiveMountEffects (webpack-internal:///(app-pages-browser)/./node_modules/next/dist/compiled/react-dom-experimental/cjs/react-dom.development.js:22902:7)
    at commitPassiveMountOnFiber (webpack-internal:///(app-pages-browser)/./node_modules/next/dist/compiled/react-dom-experimental/cjs/react-dom.development.js:23035:9)
    at recursivelyTraversePassiveMountEffects (webpack-internal:///(app-pages-browser)/./node_modules/next/dist/compiled/react-dom-experimental/cjs/react-dom.development.js:22902:7)
    at commitPassiveMountOnFiber (webpack-internal:///(app-pages-browser)/./node_modules/next/dist/compiled/react-dom-experimental/cjs/react-dom.development.js:22921:9)
    at recursivelyTraversePassiveMountEffects (webpack-internal:///(app-pages-browser)/./node_modules/next/dist/compiled/react-dom-experimental/cjs/react-dom.development.js:22902:7)
    at commitPassiveMountOnFiber (webpack-internal:///(app-pages-browser)/./node_modules/next/dist/compiled/react-dom-experimental/cjs/react-dom.development.js:23035:9)
    at recursivelyTraversePassiveMountEffects (webpack-internal:///(app-pages-browser)/./node_modules/next/dist/compiled/react-dom-experimental/cjs/react-dom.development.js:22902:7)
    at commitPassiveMountOnFiber (webpack-internal:///(app-pages-browser)/./node_modules/next/dist/compiled/react-dom-experimental/cjs/react-dom.development.js:22921:9)
    at recursivelyTraversePassiveMountEffects (webpack-internal:///(app-pages-browser)/./node_modules/next/dist/compiled/react-dom-experimental/cjs/react-dom.development.js:22902:7)
    at commitPassiveMountOnFiber (webpack-internal:///(app-pages-browser)/./node_modules/next/dist/compiled/react-dom-experimental/cjs/react-dom.development.js:22921:9)
    at recursivelyTraversePassiveMountEffects (webpack-internal:///(app-pages-browser)/./node_modules/next/dist/compiled/react-dom-experimental/cjs/react-dom.development.js:22902:7)
    at commitPassiveMountOnFiber (webpack-internal:///(app-pages-browser)/./node_modules/next/dist/compiled/react-dom-experimental/cjs/react-dom.development.js:23035:9)
    at recursivelyTraversePassiveMountEffects (webpack-internal:///(app-pages-browser)/./node_modules/next/dist/compiled/react-dom-experimental/cjs/react-dom.development.js:22902:7)
    at commitPassiveMountOnFiber (webpack-internal:///(app-pages-browser)/./node_modules/next/dist/compiled/react-dom-experimental/cjs/react-dom.development.js:23035:9)
    at recursivelyTraversePassiveMountEffects (webpack-internal:///(app-pages-browser)/./node_modules/next/dist/compiled/react-dom-experimental/cjs/react-dom.development.js:22902:7)
    at commitPassiveMountOnFiber (webpack-internal:///(app-pages-browser)/./node_modules/next/dist/compiled/react-dom-experimental/cjs/react-dom.development.js:23035:9)
    at recursivelyTraversePassiveMountEffects (webpack-internal:///(app-pages-browser)/./node_modules/next/dist/compiled/react-dom-experimental/cjs/react-dom.development.js:22902:7)
    at commitPassiveMountOnFiber (webpack-internal:///(app-pages-browser)/./node_modules/next/dist/compiled/react-dom-experimental/cjs/react-dom.development.js:22921:9)
    at recursivelyTraversePassiveMountEffects (webpack-internal:///(app-pages-browser)/./node_modules/next/dist/compiled/react-dom-experimental/cjs/react-dom.development.js:22902:7)
    at commitPassiveMountOnFiber (webpack-internal:///(app-pages-browser)/./node_modules/next/dist/compiled/react-dom-experimental/cjs/react-dom.development.js:23035:9)
    at recursivelyTraversePassiveMountEffects (webpack-internal:///(app-pages-browser)/./node_modules/next/dist/compiled/react-dom-experimental/cjs/react-dom.development.js:22902:7)
    at commitPassiveMountOnFiber (webpack-internal:///(app-pages-browser)/./node_modules/next/dist/compiled/react-dom-experimental/cjs/react-dom.development.js:23035:9)
    at recursivelyTraversePassiveMountEffects (webpack-internal:///(app-pages-browser)/./node_modules/next/dist/compiled/react-dom-experimental/cjs/react-dom.development.js:22902:7)
    at commitPassiveMountOnFiber (webpack-internal:///(app-pages-browser)/./node_modules/next/dist/compiled/react-dom-experimental/cjs/react-dom.development.js:23035:9)
    at recursivelyTraversePassiveMountEffects (webpack-internal:///(app-pages-browser)/./node_modules/next/dist/compiled/react-dom-experimental/cjs/react-dom.development.js:22902:7)
    at commitPassiveMountOnFiber (webpack-internal:///(app-pages-browser)/./node_modules/next/dist/compiled/react-dom-experimental/cjs/react-dom.development.js:23035:9)
    at recursivelyTraversePassiveMountEffects (webpack-internal:///(app-pages-browser)/./node_modules/next/dist/compiled/react-dom-experimental/cjs/react-dom.development.js:22902:7)
    at commitPassiveMountOnFiber (webpack-internal:///(app-pages-browser)/./node_modules/next/dist/compiled/react-dom-experimental/cjs/react-dom.development.js:23035:9)
[    2561ms] Error: All keyframes must be of the same type
    at invariant (webpack-internal:///(app-pages-browser)/./node_modules/framer-motion/dist/es/utils/errors.mjs:19:19)
    at eval (webpack-internal:///(app-pages-browser)/./node_modules/framer-motion/dist/es/render/dom/utils/unit-conversion.mjs:155:81)
    at Array.forEach (<anonymous>)
    at checkAndConvertChangedValueTypes (webpack-internal:///(app-pages-browser)/./node_modules/framer-motion/dist/es/render/dom/utils/unit-conversion.mjs:125:26)
    at unitConversion (webpack-internal:///(app-pages-browser)/./node_modules/framer-motion/dist/es/render/dom/utils/unit-conversion.mjs:238:11)
    at parseDomVariant (webpack-internal:///(app-pages-browser)/./node_modules/framer-motion/dist/es/render/dom/utils/parse-dom-variant.mjs:18:80)
    at HTMLVisualElement.makeTargetAnimatableFromInstance (webpack-internal:///(app-pages-browser)/./node_modules/framer-motion/dist/es/render/dom/DOMVisualElement.mjs:43:105)
    at HTMLVisualElement.makeTargetAnimatable (webpack-internal:///(app-pages-browser)/./node_modules/framer-motion/dist/es/render/VisualElement.mjs:335:21)
    at animateTarget (webpack-internal:///(app-pages-browser)/./node_modules/framer-motion/dist/es/animation/interfaces/visual-element-target.mjs:44:105)
    at animateVisualElement (webpack-internal:///(app-pages-browser)/./node_modules/framer-motion/dist/es/animation/interfaces/visual-element.mjs:26:106)
    at eval (webpack-internal:///(app-pages-browser)/./node_modules/framer-motion/dist/es/render/utils/animation-state.mjs:24:177)
    at Array.map (<anonymous>)
    at eval (webpack-internal:///(app-pages-browser)/./node_modules/framer-motion/dist/es/render/utils/animation-state.mjs:24:51)
    at Object.animateChanges (webpack-internal:///(app-pages-browser)/./node_modules/framer-motion/dist/es/render/utils/animation-state.mjs:269:32)
    at eval (webpack-internal:///(app-pages-browser)/./node_modules/framer-motion/dist/es/motion/utils/use-visual-element.mjs:74:42)
    at commitHookEffectListMount (webpack-internal:///(app-pages-browser)/./node_modules/next/dist/compiled/react-dom-experimental/cjs/react-dom.development.js:20749:23)
    at commitHookPassiveMountEffects (webpack-internal:///(app-pages-browser)/./node_modules/next/dist/compiled/react-dom-experimental/cjs/react-dom.development.js:22819:7)
    at commitPassiveMountOnFiber (webpack-internal:///(app-pages-browser)/./node_modules/next/dist/compiled/react-dom-experimental/cjs/react-dom.development.js:22924:11)
    at recursivelyTraversePassiveMountEffects (webpack-internal:///(app-pages-browser)/./node_modules/next/dist/compiled/react-dom-experimental/cjs/react-dom.development.js:22902:7)
    at commitPassiveMountOnFiber (webpack-internal:///(app-pages-browser)/./node_modules/next/dist/compiled/react-dom-experimental/cjs/react-dom.development.js:22921:9)
    at recursivelyTraversePassiveMountEffects (webpack-internal:///(app-pages-browser)/./node_modules/next/dist/compiled/react-dom-experimental/cjs/react-dom.development.js:22902:7)
    at commitPassiveMountOnFiber (webpack-internal:///(app-pages-browser)/./node_modules/next/dist/compiled/react-dom-experimental/cjs/react-dom.development.js:23035:9)
    at recursivelyTraversePassiveMountEffects (webpack-internal:///(app-pages-browser)/./node_modules/next/dist/compiled/react-dom-experimental/cjs/react-dom.development.js:22902:7)
    at commitPassiveMountOnFiber (webpack-internal:///(app-pages-browser)/./node_modules/next/dist/compiled/react-dom-experimental/cjs/react-dom.development.js:23035:9)
    at recursivelyTraversePassiveMountEffects (webpack-internal:///(app-pages-browser)/./node_modules/next/dist/compiled/react-dom-experimental/cjs/react-dom.development.js:22902:7)
    at commitPassiveMountOnFiber (webpack-internal:///(app-pages-browser)/./node_modules/next/dist/compiled/react-dom-experimental/cjs/react-dom.development.js:22921:9)
    at recursivelyTraversePassiveMountEffects (webpack-internal:///(app-pages-browser)/./node_modules/next/dist/compiled/react-dom-experimental/cjs/react-dom.development.js:22902:7)
    at commitPassiveMountOnFiber (webpack-internal:///(app-pages-browser)/./node_modules/next/dist/compiled/react-dom-experimental/cjs/react-dom.development.js:23035:9)
    at recursivelyTraversePassiveMountEffects (webpack-internal:///(app-pages-browser)/./node_modules/next/dist/compiled/react-dom-experimental/cjs/react-dom.development.js:22902:7)
    at commitPassiveMountOnFiber (webpack-internal:///(app-pages-browser)/./node_modules/next/dist/compiled/react-dom-experimental/cjs/react-dom.development.js:22921:9)
    at recursivelyTraversePassiveMountEffects (webpack-internal:///(app-pages-browser)/./node_modules/next/dist/compiled/react-dom-experimental/cjs/react-dom.development.js:22902:7)
    at commitPassiveMountOnFiber (webpack-internal:///(app-pages-browser)/./node_modules/next/dist/compiled/react-dom-experimental/cjs/react-dom.development.js:22921:9)
    at recursivelyTraversePassiveMountEffects (webpack-internal:///(app-pages-browser)/./node_modules/next/dist/compiled/react-dom-experimental/cjs/react-dom.development.js:22902:7)
    at commitPassiveMountOnFiber (webpack-internal:///(app-pages-browser)/./node_modules/next/dist/compiled/react-dom-experimental/cjs/react-dom.development.js:23035:9)
    at recursivelyTraversePassiveMountEffects (webpack-internal:///(app-pages-browser)/./node_modules/next/dist/compiled/react-dom-experimental/cjs/react-dom.development.js:22902:7)
    at commitPassiveMountOnFiber (webpack-internal:///(app-pages-browser)/./node_modules/next/dist/compiled/react-dom-experimental/cjs/react-dom.development.js:23035:9)
    at recursivelyTraversePassiveMountEffects (webpack-internal:///(app-pages-browser)/./node_modules/next/dist/compiled/react-dom-experimental/cjs/react-dom.development.js:22902:7)
    at commitPassiveMountOnFiber (webpack-internal:///(app-pages-browser)/./node_modules/next/dist/compiled/react-dom-experimental/cjs/react-dom.development.js:23035:9)
    at recursivelyTraversePassiveMountEffects (webpack-internal:///(app-pages-browser)/./node_modules/next/dist/compiled/react-dom-experimental/cjs/react-dom.development.js:22902:7)
    at commitPassiveMountOnFiber (webpack-internal:///(app-pages-browser)/./node_modules/next/dist/compiled/react-dom-experimental/cjs/react-dom.development.js:22921:9)
    at recursivelyTraversePassiveMountEffects (webpack-internal:///(app-pages-browser)/./node_modules/next/dist/compiled/react-dom-experimental/cjs/react-dom.development.js:22902:7)
    at commitPassiveMountOnFiber (webpack-internal:///(app-pages-browser)/./node_modules/next/dist/compiled/react-dom-experimental/cjs/react-dom.development.js:23035:9)
    at recursivelyTraversePassiveMountEffects (webpack-internal:///(app-pages-browser)/./node_modules/next/dist/compiled/react-dom-experimental/cjs/react-dom.development.js:22902:7)
    at commitPassiveMountOnFiber (webpack-internal:///(app-pages-browser)/./node_modules/next/dist/compiled/react-dom-experimental/cjs/react-dom.development.js:23035:9)
    at recursivelyTraversePassiveMountEffects (webpack-internal:///(app-pages-browser)/./node_modules/next/dist/compiled/react-dom-experimental/cjs/react-dom.development.js:22902:7)
    at commitPassiveMountOnFiber (webpack-internal:///(app-pages-browser)/./node_modules/next/dist/compiled/react-dom-experimental/cjs/react-dom.development.js:23035:9)
    at recursivelyTraversePassiveMountEffects (webpack-internal:///(app-pages-browser)/./node_modules/next/dist/compiled/react-dom-experimental/cjs/react-dom.development.js:22902:7)
    at commitPassiveMountOnFiber (webpack-internal:///(app-pages-browser)/./node_modules/next/dist/compiled/react-dom-experimental/cjs/react-dom.development.js:23035:9)
    at recursivelyTraversePassiveMountEffects (webpack-internal:///(app-pages-browser)/./node_modules/next/dist/compiled/react-dom-experimental/cjs/react-dom.development.js:22902:7)
    at commitPassiveMountOnFiber (webpack-internal:///(app-pages-browser)/./node_modules/next/dist/compiled/react-dom-experimental/cjs/react-dom.development.js:23035:9)
[    2562ms] Error: All keyframes must be of the same type
    at invariant (webpack-internal:///(app-pages-browser)/./node_modules/framer-motion/dist/es/utils/errors.mjs:19:19)
    at eval (webpack-internal:///(app-pages-browser)/./node_modules/framer-motion/dist/es/render/dom/utils/unit-conversion.mjs:155:81)
    at Array.forEach (<anonymous>)
    at checkAndConvertChangedValueTypes (webpack-internal:///(app-pages-browser)/./node_modules/framer-motion/dist/es/render/dom/utils/unit-conversion.mjs:125:26)
    at unitConversion (webpack-internal:///(app-pages-browser)/./node_modules/framer-motion/dist/es/render/dom/utils/unit-conversion.mjs:238:11)
    at parseDomVariant (webpack-internal:///(app-pages-browser)/./node_modules/framer-motion/dist/es/render/dom/utils/parse-dom-variant.mjs:18:80)
    at HTMLVisualElement.makeTargetAnimatableFromInstance (webpack-internal:///(app-pages-browser)/./node_modules/framer-motion/dist/es/render/dom/DOMVisualElement.mjs:43:105)
    at HTMLVisualElement.makeTargetAnimatable (webpack-internal:///(app-pages-browser)/./node_modules/framer-motion/dist/es/render/VisualElement.mjs:335:21)
    at animateTarget (webpack-internal:///(app-pages-browser)/./node_modules/framer-motion/dist/es/animation/interfaces/visual-element-target.mjs:44:105)
    at animateVisualElement (webpack-internal:///(app-pages-browser)/./node_modules/framer-motion/dist/es/animation/interfaces/visual-element.mjs:26:106)
    at eval (webpack-internal:///(app-pages-browser)/./node_modules/framer-motion/dist/es/render/utils/animation-state.mjs:24:177)
    at Array.map (<anonymous>)
    at eval (webpack-internal:///(app-pages-browser)/./node_modules/framer-motion/dist/es/render/utils/animation-state.mjs:24:51)
    at Object.animateChanges (webpack-internal:///(app-pages-browser)/./node_modules/framer-motion/dist/es/render/utils/animation-state.mjs:269:32)
    at eval (webpack-internal:///(app-pages-browser)/./node_modules/framer-motion/dist/es/motion/utils/use-visual-element.mjs:74:42)
    at commitHookEffectListMount (webpack-internal:///(app-pages-browser)/./node_modules/next/dist/compiled/react-dom-experimental/cjs/react-dom.development.js:20749:23)
    at commitHookPassiveMountEffects (webpack-internal:///(app-pages-browser)/./node_modules/next/dist/compiled/react-dom-experimental/cjs/react-dom.development.js:22819:7)
    at commitPassiveMountOnFiber (webpack-internal:///(app-pages-browser)/./node_modules/next/dist/compiled/react-dom-experimental/cjs/react-dom.development.js:22924:11)
    at recursivelyTraversePassiveMountEffects (webpack-internal:///(app-pages-browser)/./node_modules/next/dist/compiled/react-dom-experimental/cjs/react-dom.development.js:22902:7)
    at commitPassiveMountOnFiber (webpack-internal:///(app-pages-browser)/./node_modules/next/dist/compiled/react-dom-experimental/cjs/react-dom.development.js:22921:9)
    at recursivelyTraversePassiveMountEffects (webpack-internal:///(app-pages-browser)/./node_modules/next/dist/compiled/react-dom-experimental/cjs/react-dom.development.js:22902:7)
    at commitPassiveMountOnFiber (webpack-internal:///(app-pages-browser)/./node_modules/next/dist/compiled/react-dom-experimental/cjs/react-dom.development.js:23035:9)
    at recursivelyTraversePassiveMountEffects (webpack-internal:///(app-pages-browser)/./node_modules/next/dist/compiled/react-dom-experimental/cjs/react-dom.development.js:22902:7)
    at commitPassiveMountOnFiber (webpack-internal:///(app-pages-browser)/./node_modules/next/dist/compiled/react-dom-experimental/cjs/react-dom.development.js:23035:9)
    at recursivelyTraversePassiveMountEffects (webpack-internal:///(app-pages-browser)/./node_modules/next/dist/compiled/react-dom-experimental/cjs/react-dom.development.js:22902:7)
    at commitPassiveMountOnFiber (webpack-internal:///(app-pages-browser)/./node_modules/next/dist/compiled/react-dom-experimental/cjs/react-dom.development.js:22921:9)
    at recursivelyTraversePassiveMountEffects (webpack-internal:///(app-pages-browser)/./node_modules/next/dist/compiled/react-dom-experimental/cjs/react-dom.development.js:22902:7)
    at commitPassiveMountOnFiber (webpack-internal:///(app-pages-browser)/./node_modules/next/dist/compiled/react-dom-experimental/cjs/react-dom.development.js:23035:9)
    at recursivelyTraversePassiveMountEffects (webpack-internal:///(app-pages-browser)/./node_modules/next/dist/compiled/react-dom-experimental/cjs/react-dom.development.js:22902:7)
    at commitPassiveMountOnFiber (webpack-internal:///(app-pages-browser)/./node_modules/next/dist/compiled/react-dom-experimental/cjs/react-dom.development.js:22921:9)
    at recursivelyTraversePassiveMountEffects (webpack-internal:///(app-pages-browser)/./node_modules/next/dist/compiled/react-dom-experimental/cjs/react-dom.development.js:22902:7)
    at commitPassiveMountOnFiber (webpack-internal:///(app-pages-browser)/./node_modules/next/dist/compiled/react-dom-experimental/cjs/react-dom.development.js:22921:9)
    at recursivelyTraversePassiveMountEffects (webpack-internal:///(app-pages-browser)/./node_modules/next/dist/compiled/react-dom-experimental/cjs/react-dom.development.js:22902:7)
    at commitPassiveMountOnFiber (webpack-internal:///(app-pages-browser)/./node_modules/next/dist/compiled/react-dom-experimental/cjs/react-dom.development.js:23035:9)
    at recursivelyTraversePassiveMountEffects (webpack-internal:///(app-pages-browser)/./node_modules/next/dist/compiled/react-dom-experimental/cjs/react-dom.development.js:22902:7)
    at commitPassiveMountOnFiber (webpack-internal:///(app-pages-browser)/./node_modules/next/dist/compiled/react-dom-experimental/cjs/react-dom.development.js:23035:9)
    at recursivelyTraversePassiveMountEffects (webpack-internal:///(app-pages-browser)/./node_modules/next/dist/compiled/react-dom-experimental/cjs/react-dom.development.js:22902:7)
    at commitPassiveMountOnFiber (webpack-internal:///(app-pages-browser)/./node_modules/next/dist/compiled/react-dom-experimental/cjs/react-dom.development.js:23035:9)
    at recursivelyTraversePassiveMountEffects (webpack-internal:///(app-pages-browser)/./node_modules/next/dist/compiled/react-dom-experimental/cjs/react-dom.development.js:22902:7)
    at commitPassiveMountOnFiber (webpack-internal:///(app-pages-browser)/./node_modules/next/dist/compiled/react-dom-experimental/cjs/react-dom.development.js:22921:9)
    at recursivelyTraversePassiveMountEffects (webpack-internal:///(app-pages-browser)/./node_modules/next/dist/compiled/react-dom-experimental/cjs/react-dom.development.js:22902:7)
    at commitPassiveMountOnFiber (webpack-internal:///(app-pages-browser)/./node_modules/next/dist/compiled/react-dom-experimental/cjs/react-dom.development.js:23035:9)
    at recursivelyTraversePassiveMountEffects (webpack-internal:///(app-pages-browser)/./node_modules/next/dist/compiled/react-dom-experimental/cjs/react-dom.development.js:22902:7)
    at commitPassiveMountOnFiber (webpack-internal:///(app-pages-browser)/./node_modules/next/dist/compiled/react-dom-experimental/cjs/react-dom.development.js:23035:9)
    at recursivelyTraversePassiveMountEffects (webpack-internal:///(app-pages-browser)/./node_modules/next/dist/compiled/react-dom-experimental/cjs/react-dom.development.js:22902:7)
    at commitPassiveMountOnFiber (webpack-internal:///(app-pages-browser)/./node_modules/next/dist/compiled/react-dom-experimental/cjs/react-dom.development.js:23035:9)
    at recursivelyTraversePassiveMountEffects (webpack-internal:///(app-pages-browser)/./node_modules/next/dist/compiled/react-dom-experimental/cjs/react-dom.development.js:22902:7)
    at commitPassiveMountOnFiber (webpack-internal:///(app-pages-browser)/./node_modules/next/dist/compiled/react-dom-experimental/cjs/react-dom.development.js:23035:9)
    at recursivelyTraversePassiveMountEffects (webpack-internal:///(app-pages-browser)/./node_modules/next/dist/compiled/react-dom-experimental/cjs/react-dom.development.js:22902:7)
    at commitPassiveMountOnFiber (webpack-internal:///(app-pages-browser)/./node_modules/next/dist/compiled/react-dom-experimental/cjs/react-dom.development.js:23035:9)
[    2563ms] Error: All keyframes must be of the same type
    at invariant (webpack-internal:///(app-pages-browser)/./node_modules/framer-motion/dist/es/utils/errors.mjs:19:19)
    at eval (webpack-internal:///(app-pages-browser)/./node_modules/framer-motion/dist/es/render/dom/utils/unit-conversion.mjs:155:81)
    at Array.forEach (<anonymous>)
    at checkAndConvertChangedValueTypes (webpack-internal:///(app-pages-browser)/./node_modules/framer-motion/dist/es/render/dom/utils/unit-conversion.mjs:125:26)
    at unitConversion (webpack-internal:///(app-pages-browser)/./node_modules/framer-motion/dist/es/render/dom/utils/unit-conversion.mjs:238:11)
    at parseDomVariant (webpack-internal:///(app-pages-browser)/./node_modules/framer-motion/dist/es/render/dom/utils/parse-dom-variant.mjs:18:80)
    at HTMLVisualElement.makeTargetAnimatableFromInstance (webpack-internal:///(app-pages-browser)/./node_modules/framer-motion/dist/es/render/dom/DOMVisualElement.mjs:43:105)
    at HTMLVisualElement.makeTargetAnimatable (webpack-internal:///(app-pages-browser)/./node_modules/framer-motion/dist/es/render/VisualElement.mjs:335:21)
    at animateTarget (webpack-internal:///(app-pages-browser)/./node_modules/framer-motion/dist/es/animation/interfaces/visual-element-target.mjs:44:105)
    at animateVisualElement (webpack-internal:///(app-pages-browser)/./node_modules/framer-motion/dist/es/animation/interfaces/visual-element.mjs:26:106)
    at eval (webpack-internal:///(app-pages-browser)/./node_modules/framer-motion/dist/es/render/utils/animation-state.mjs:24:177)
    at Array.map (<anonymous>)
    at eval (webpack-internal:///(app-pages-browser)/./node_modules/framer-motion/dist/es/render/utils/animation-state.mjs:24:51)
    at Object.animateChanges (webpack-internal:///(app-pages-browser)/./node_modules/framer-motion/dist/es/render/utils/animation-state.mjs:269:32)
    at eval (webpack-internal:///(app-pages-browser)/./node_modules/framer-motion/dist/es/motion/utils/use-visual-element.mjs:74:42)
    at commitHookEffectListMount (webpack-internal:///(app-pages-browser)/./node_modules/next/dist/compiled/react-dom-experimental/cjs/react-dom.development.js:20749:23)
    at commitHookPassiveMountEffects (webpack-internal:///(app-pages-browser)/./node_modules/next/dist/compiled/react-dom-experimental/cjs/react-dom.development.js:22819:7)
    at commitPassiveMountOnFiber (webpack-internal:///(app-pages-browser)/./node_modules/next/dist/compiled/react-dom-experimental/cjs/react-dom.development.js:22924:11)
    at recursivelyTraversePassiveMountEffects (webpack-internal:///(app-pages-browser)/./node_modules/next/dist/compiled/react-dom-experimental/cjs/react-dom.development.js:22902:7)
    at commitPassiveMountOnFiber (webpack-internal:///(app-pages-browser)/./node_modules/next/dist/compiled/react-dom-experimental/cjs/react-dom.development.js:22921:9)
    at recursivelyTraversePassiveMountEffects (webpack-internal:///(app-pages-browser)/./node_modules/next/dist/compiled/react-dom-experimental/cjs/react-dom.development.js:22902:7)
    at commitPassiveMountOnFiber (webpack-internal:///(app-pages-browser)/./node_modules/next/dist/compiled/react-dom-experimental/cjs/react-dom.development.js:23035:9)
    at recursivelyTraversePassiveMountEffects (webpack-internal:///(app-pages-browser)/./node_modules/next/dist/compiled/react-dom-experimental/cjs/react-dom.development.js:22902:7)
    at commitPassiveMountOnFiber (webpack-internal:///(app-pages-browser)/./node_modules/next/dist/compiled/react-dom-experimental/cjs/react-dom.development.js:23035:9)
    at recursivelyTraversePassiveMountEffects (webpack-internal:///(app-pages-browser)/./node_modules/next/dist/compiled/react-dom-experimental/cjs/react-dom.development.js:22902:7)
    at commitPassiveMountOnFiber (webpack-internal:///(app-pages-browser)/./node_modules/next/dist/compiled/react-dom-experimental/cjs/react-dom.development.js:22921:9)
    at recursivelyTraversePassiveMountEffects (webpack-internal:///(app-pages-browser)/./node_modules/next/dist/compiled/react-dom-experimental/cjs/react-dom.development.js:22902:7)
    at commitPassiveMountOnFiber (webpack-internal:///(app-pages-browser)/./node_modules/next/dist/compiled/react-dom-experimental/cjs/react-dom.development.js:23035:9)
    at recursivelyTraversePassiveMountEffects (webpack-internal:///(app-pages-browser)/./node_modules/next/dist/compiled/react-dom-experimental/cjs/react-dom.development.js:22902:7)
    at commitPassiveMountOnFiber (webpack-internal:///(app-pages-browser)/./node_modules/next/dist/compiled/react-dom-experimental/cjs/react-dom.development.js:22921:9)
    at recursivelyTraversePassiveMountEffects (webpack-internal:///(app-pages-browser)/./node_modules/next/dist/compiled/react-dom-experimental/cjs/react-dom.development.js:22902:7)
    at commitPassiveMountOnFiber (webpack-internal:///(app-pages-browser)/./node_modules/next/dist/compiled/react-dom-experimental/cjs/react-dom.development.js:22921:9)
    at recursivelyTraversePassiveMountEffects (webpack-internal:///(app-pages-browser)/./node_modules/next/dist/compiled/react-dom-experimental/cjs/react-dom.development.js:22902:7)
    at commitPassiveMountOnFiber (webpack-internal:///(app-pages-browser)/./node_modules/next/dist/compiled/react-dom-experimental/cjs/react-dom.development.js:23035:9)
    at recursivelyTraversePassiveMountEffects (webpack-internal:///(app-pages-browser)/./node_modules/next/dist/compiled/react-dom-experimental/cjs/react-dom.development.js:22902:7)
    at commitPassiveMountOnFiber (webpack-internal:///(app-pages-browser)/./node_modules/next/dist/compiled/react-dom-experimental/cjs/react-dom.development.js:23035:9)
    at recursivelyTraversePassiveMountEffects (webpack-internal:///(app-pages-browser)/./node_modules/next/dist/compiled/react-dom-experimental/cjs/react-dom.development.js:22902:7)
    at commitPassiveMountOnFiber (webpack-internal:///(app-pages-browser)/./node_modules/next/dist/compiled/react-dom-experimental/cjs/react-dom.development.js:23035:9)
    at recursivelyTraversePassiveMountEffects (webpack-internal:///(app-pages-browser)/./node_modules/next/dist/compiled/react-dom-experimental/cjs/react-dom.development.js:22902:7)
    at commitPassiveMountOnFiber (webpack-internal:///(app-pages-browser)/./node_modules/next/dist/compiled/react-dom-experimental/cjs/react-dom.development.js:22921:9)
    at recursivelyTraversePassiveMountEffects (webpack-internal:///(app-pages-browser)/./node_modules/next/dist/compiled/react-dom-experimental/cjs/react-dom.development.js:22902:7)
    at commitPassiveMountOnFiber (webpack-internal:///(app-pages-browser)/./node_modules/next/dist/compiled/react-dom-experimental/cjs/react-dom.development.js:23035:9)
    at recursivelyTraversePassiveMountEffects (webpack-internal:///(app-pages-browser)/./node_modules/next/dist/compiled/react-dom-experimental/cjs/react-dom.development.js:22902:7)
    at commitPassiveMountOnFiber (webpack-internal:///(app-pages-browser)/./node_modules/next/dist/compiled/react-dom-experimental/cjs/react-dom.development.js:23035:9)
    at recursivelyTraversePassiveMountEffects (webpack-internal:///(app-pages-browser)/./node_modules/next/dist/compiled/react-dom-experimental/cjs/react-dom.development.js:22902:7)
    at commitPassiveMountOnFiber (webpack-internal:///(app-pages-browser)/./node_modules/next/dist/compiled/react-dom-experimental/cjs/react-dom.development.js:23035:9)
    at recursivelyTraversePassiveMountEffects (webpack-internal:///(app-pages-browser)/./node_modules/next/dist/compiled/react-dom-experimental/cjs/react-dom.development.js:22902:7)
    at commitPassiveMountOnFiber (webpack-internal:///(app-pages-browser)/./node_modules/next/dist/compiled/react-dom-experimental/cjs/react-dom.development.js:23035:9)
    at recursivelyTraversePassiveMountEffects (webpack-internal:///(app-pages-browser)/./node_modules/next/dist/compiled/react-dom-experimental/cjs/react-dom.development.js:22902:7)
    at commitPassiveMountOnFiber (webpack-internal:///(app-pages-browser)/./node_modules/next/dist/compiled/react-dom-experimental/cjs/react-dom.development.js:23035:9)
[    2564ms] Error: All keyframes must be of the same type
    at invariant (webpack-internal:///(app-pages-browser)/./node_modules/framer-motion/dist/es/utils/errors.mjs:19:19)
    at eval (webpack-internal:///(app-pages-browser)/./node_modules/framer-motion/dist/es/render/dom/utils/unit-conversion.mjs:155:81)
    at Array.forEach (<anonymous>)
    at checkAndConvertChangedValueTypes (webpack-internal:///(app-pages-browser)/./node_modules/framer-motion/dist/es/render/dom/utils/unit-conversion.mjs:125:26)
    at unitConversion (webpack-internal:///(app-pages-browser)/./node_modules/framer-motion/dist/es/render/dom/utils/unit-conversion.mjs:238:11)
    at parseDomVariant (webpack-internal:///(app-pages-browser)/./node_modules/framer-motion/dist/es/render/dom/utils/parse-dom-variant.mjs:18:80)
    at HTMLVisualElement.makeTargetAnimatableFromInstance (webpack-internal:///(app-pages-browser)/./node_modules/framer-motion/dist/es/render/dom/DOMVisualElement.mjs:43:105)
    at HTMLVisualElement.makeTargetAnimatable (webpack-internal:///(app-pages-browser)/./node_modules/framer-motion/dist/es/render/VisualElement.mjs:335:21)
    at animateTarget (webpack-internal:///(app-pages-browser)/./node_modules/framer-motion/dist/es/animation/interfaces/visual-element-target.mjs:44:105)
    at animateVisualElement (webpack-internal:///(app-pages-browser)/./node_modules/framer-motion/dist/es/animation/interfaces/visual-element.mjs:26:106)
    at eval (webpack-internal:///(app-pages-browser)/./node_modules/framer-motion/dist/es/render/utils/animation-state.mjs:24:177)
    at Array.map (<anonymous>)
    at eval (webpack-internal:///(app-pages-browser)/./node_modules/framer-motion/dist/es/render/utils/animation-state.mjs:24:51)
    at Object.animateChanges (webpack-internal:///(app-pages-browser)/./node_modules/framer-motion/dist/es/render/utils/animation-state.mjs:269:32)
    at eval (webpack-internal:///(app-pages-browser)/./node_modules/framer-motion/dist/es/motion/utils/use-visual-element.mjs:74:42)
    at commitHookEffectListMount (webpack-internal:///(app-pages-browser)/./node_modules/next/dist/compiled/react-dom-experimental/cjs/react-dom.development.js:20749:23)
    at commitHookPassiveMountEffects (webpack-internal:///(app-pages-browser)/./node_modules/next/dist/compiled/react-dom-experimental/cjs/react-dom.development.js:22819:7)
    at commitPassiveMountOnFiber (webpack-internal:///(app-pages-browser)/./node_modules/next/dist/compiled/react-dom-experimental/cjs/react-dom.development.js:22924:11)
    at recursivelyTraversePassiveMountEffects (webpack-internal:///(app-pages-browser)/./node_modules/next/dist/compiled/react-dom-experimental/cjs/react-dom.development.js:22902:7)
    at commitPassiveMountOnFiber (webpack-internal:///(app-pages-browser)/./node_modules/next/dist/compiled/react-dom-experimental/cjs/react-dom.development.js:22921:9)
    at recursivelyTraversePassiveMountEffects (webpack-internal:///(app-pages-browser)/./node_modules/next/dist/compiled/react-dom-experimental/cjs/react-dom.development.js:22902:7)
    at commitPassiveMountOnFiber (webpack-internal:///(app-pages-browser)/./node_modules/next/dist/compiled/react-dom-experimental/cjs/react-dom.development.js:23035:9)
    at recursivelyTraversePassiveMountEffects (webpack-internal:///(app-pages-browser)/./node_modules/next/dist/compiled/react-dom-experimental/cjs/react-dom.development.js:22902:7)
    at commitPassiveMountOnFiber (webpack-internal:///(app-pages-browser)/./node_modules/next/dist/compiled/react-dom-experimental/cjs/react-dom.development.js:23035:9)
    at recursivelyTraversePassiveMountEffects (webpack-internal:///(app-pages-browser)/./node_modules/next/dist/compiled/react-dom-experimental/cjs/react-dom.development.js:22902:7)
    at commitPassiveMountOnFiber (webpack-internal:///(app-pages-browser)/./node_modules/next/dist/compiled/react-dom-experimental/cjs/react-dom.development.js:22921:9)
    at recursivelyTraversePassiveMountEffects (webpack-internal:///(app-pages-browser)/./node_modules/next/dist/compiled/react-dom-experimental/cjs/react-dom.development.js:22902:7)
    at commitPassiveMountOnFiber (webpack-internal:///(app-pages-browser)/./node_modules/next/dist/compiled/react-dom-experimental/cjs/react-dom.development.js:23035:9)
    at recursivelyTraversePassiveMountEffects (webpack-internal:///(app-pages-browser)/./node_modules/next/dist/compiled/react-dom-experimental/cjs/react-dom.development.js:22902:7)
    at commitPassiveMountOnFiber (webpack-internal:///(app-pages-browser)/./node_modules/next/dist/compiled/react-dom-experimental/cjs/react-dom.development.js:22921:9)
    at recursivelyTraversePassiveMountEffects (webpack-internal:///(app-pages-browser)/./node_modules/next/dist/compiled/react-dom-experimental/cjs/react-dom.development.js:22902:7)
    at commitPassiveMountOnFiber (webpack-internal:///(app-pages-browser)/./node_modules/next/dist/compiled/react-dom-experimental/cjs/react-dom.development.js:22921:9)
    at recursivelyTraversePassiveMountEffects (webpack-internal:///(app-pages-browser)/./node_modules/next/dist/compiled/react-dom-experimental/cjs/react-dom.development.js:22902:7)
    at commitPassiveMountOnFiber (webpack-internal:///(app-pages-browser)/./node_modules/next/dist/compiled/react-dom-experimental/cjs/react-dom.development.js:23035:9)
    at recursivelyTraversePassiveMountEffects (webpack-internal:///(app-pages-browser)/./node_modules/next/dist/compiled/react-dom-experimental/cjs/react-dom.development.js:22902:7)
    at commitPassiveMountOnFiber (webpack-internal:///(app-pages-browser)/./node_modules/next/dist/compiled/react-dom-experimental/cjs/react-dom.development.js:23035:9)
    at recursivelyTraversePassiveMountEffects (webpack-internal:///(app-pages-browser)/./node_modules/next/dist/compiled/react-dom-experimental/cjs/react-dom.development.js:22902:7)
    at commitPassiveMountOnFiber (webpack-internal:///(app-pages-browser)/./node_modules/next/dist/compiled/react-dom-experimental/cjs/react-dom.development.js:23035:9)
    at recursivelyTraversePassiveMountEffects (webpack-internal:///(app-pages-browser)/./node_modules/next/dist/compiled/react-dom-experimental/cjs/react-dom.development.js:22902:7)
    at commitPassiveMountOnFiber (webpack-internal:///(app-pages-browser)/./node_modules/next/dist/compiled/react-dom-experimental/cjs/react-dom.development.js:22921:9)
    at recursivelyTraversePassiveMountEffects (webpack-internal:///(app-pages-browser)/./node_modules/next/dist/compiled/react-dom-experimental/cjs/react-dom.development.js:22902:7)
    at commitPassiveMountOnFiber (webpack-internal:///(app-pages-browser)/./node_modules/next/dist/compiled/react-dom-experimental/cjs/react-dom.development.js:23035:9)
    at recursivelyTraversePassiveMountEffects (webpack-internal:///(app-pages-browser)/./node_modules/next/dist/compiled/react-dom-experimental/cjs/react-dom.development.js:22902:7)
    at commitPassiveMountOnFiber (webpack-internal:///(app-pages-browser)/./node_modules/next/dist/compiled/react-dom-experimental/cjs/react-dom.development.js:23035:9)
    at recursivelyTraversePassiveMountEffects (webpack-internal:///(app-pages-browser)/./node_modules/next/dist/compiled/react-dom-experimental/cjs/react-dom.development.js:22902:7)
    at commitPassiveMountOnFiber (webpack-internal:///(app-pages-browser)/./node_modules/next/dist/compiled/react-dom-experimental/cjs/react-dom.development.js:23035:9)
    at recursivelyTraversePassiveMountEffects (webpack-internal:///(app-pages-browser)/./node_modules/next/dist/compiled/react-dom-experimental/cjs/react-dom.development.js:22902:7)
    at commitPassiveMountOnFiber (webpack-internal:///(app-pages-browser)/./node_modules/next/dist/compiled/react-dom-experimental/cjs/react-dom.development.js:23035:9)
    at recursivelyTraversePassiveMountEffects (webpack-internal:///(app-pages-browser)/./node_modules/next/dist/compiled/react-dom-experimental/cjs/react-dom.development.js:22902:7)
    at commitPassiveMountOnFiber (webpack-internal:///(app-pages-browser)/./node_modules/next/dist/compiled/react-dom-experimental/cjs/react-dom.development.js:23035:9)
[    2565ms] Error: All keyframes must be of the same type
    at invariant (webpack-internal:///(app-pages-browser)/./node_modules/framer-motion/dist/es/utils/errors.mjs:19:19)
    at eval (webpack-internal:///(app-pages-browser)/./node_modules/framer-motion/dist/es/render/dom/utils/unit-conversion.mjs:155:81)
    at Array.forEach (<anonymous>)
    at checkAndConvertChangedValueTypes (webpack-internal:///(app-pages-browser)/./node_modules/framer-motion/dist/es/render/dom/utils/unit-conversion.mjs:125:26)
    at unitConversion (webpack-internal:///(app-pages-browser)/./node_modules/framer-motion/dist/es/render/dom/utils/unit-conversion.mjs:238:11)
    at parseDomVariant (webpack-internal:///(app-pages-browser)/./node_modules/framer-motion/dist/es/render/dom/utils/parse-dom-variant.mjs:18:80)
    at HTMLVisualElement.makeTargetAnimatableFromInstance (webpack-internal:///(app-pages-browser)/./node_modules/framer-motion/dist/es/render/dom/DOMVisualElement.mjs:43:105)
    at HTMLVisualElement.makeTargetAnimatable (webpack-internal:///(app-pages-browser)/./node_modules/framer-motion/dist/es/render/VisualElement.mjs:335:21)
    at animateTarget (webpack-internal:///(app-pages-browser)/./node_modules/framer-motion/dist/es/animation/interfaces/visual-element-target.mjs:44:105)
    at animateVisualElement (webpack-internal:///(app-pages-browser)/./node_modules/framer-motion/dist/es/animation/interfaces/visual-element.mjs:26:106)
    at eval (webpack-internal:///(app-pages-browser)/./node_modules/framer-motion/dist/es/render/utils/animation-state.mjs:24:177)
    at Array.map (<anonymous>)
    at eval (webpack-internal:///(app-pages-browser)/./node_modules/framer-motion/dist/es/render/utils/animation-state.mjs:24:51)
    at Object.animateChanges (webpack-internal:///(app-pages-browser)/./node_modules/framer-motion/dist/es/render/utils/animation-state.mjs:269:32)
    at eval (webpack-internal:///(app-pages-browser)/./node_modules/framer-motion/dist/es/motion/utils/use-visual-element.mjs:74:42)
    at commitHookEffectListMount (webpack-internal:///(app-pages-browser)/./node_modules/next/dist/compiled/react-dom-experimental/cjs/react-dom.development.js:20749:23)
    at commitHookPassiveMountEffects (webpack-internal:///(app-pages-browser)/./node_modules/next/dist/compiled/react-dom-experimental/cjs/react-dom.development.js:22819:7)
    at commitPassiveMountOnFiber (webpack-internal:///(app-pages-browser)/./node_modules/next/dist/compiled/react-dom-experimental/cjs/react-dom.development.js:22924:11)
    at recursivelyTraversePassiveMountEffects (webpack-internal:///(app-pages-browser)/./node_modules/next/dist/compiled/react-dom-experimental/cjs/react-dom.development.js:22902:7)
    at commitPassiveMountOnFiber (webpack-internal:///(app-pages-browser)/./node_modules/next/dist/compiled/react-dom-experimental/cjs/react-dom.development.js:22921:9)
    at recursivelyTraversePassiveMountEffects (webpack-internal:///(app-pages-browser)/./node_modules/next/dist/compiled/react-dom-experimental/cjs/react-dom.development.js:22902:7)
    at commitPassiveMountOnFiber (webpack-internal:///(app-pages-browser)/./node_modules/next/dist/compiled/react-dom-experimental/cjs/react-dom.development.js:23035:9)
    at recursivelyTraversePassiveMountEffects (webpack-internal:///(app-pages-browser)/./node_modules/next/dist/compiled/react-dom-experimental/cjs/react-dom.development.js:22902:7)
    at commitPassiveMountOnFiber (webpack-internal:///(app-pages-browser)/./node_modules/next/dist/compiled/react-dom-experimental/cjs/react-dom.development.js:23035:9)
    at recursivelyTraversePassiveMountEffects (webpack-internal:///(app-pages-browser)/./node_modules/next/dist/compiled/react-dom-experimental/cjs/react-dom.development.js:22902:7)
    at commitPassiveMountOnFiber (webpack-internal:///(app-pages-browser)/./node_modules/next/dist/compiled/react-dom-experimental/cjs/react-dom.development.js:22921:9)
    at recursivelyTraversePassiveMountEffects (webpack-internal:///(app-pages-browser)/./node_modules/next/dist/compiled/react-dom-experimental/cjs/react-dom.development.js:22902:7)
    at commitPassiveMountOnFiber (webpack-internal:///(app-pages-browser)/./node_modules/next/dist/compiled/react-dom-experimental/cjs/react-dom.development.js:23035:9)
    at recursivelyTraversePassiveMountEffects (webpack-internal:///(app-pages-browser)/./node_modules/next/dist/compiled/react-dom-experimental/cjs/react-dom.development.js:22902:7)
    at commitPassiveMountOnFiber (webpack-internal:///(app-pages-browser)/./node_modules/next/dist/compiled/react-dom-experimental/cjs/react-dom.development.js:22921:9)
    at recursivelyTraversePassiveMountEffects (webpack-internal:///(app-pages-browser)/./node_modules/next/dist/compiled/react-dom-experimental/cjs/react-dom.development.js:22902:7)
    at commitPassiveMountOnFiber (webpack-internal:///(app-pages-browser)/./node_modules/next/dist/compiled/react-dom-experimental/cjs/react-dom.development.js:22921:9)
    at recursivelyTraversePassiveMountEffects (webpack-internal:///(app-pages-browser)/./node_modules/next/dist/compiled/react-dom-experimental/cjs/react-dom.development.js:22902:7)
    at commitPassiveMountOnFiber (webpack-internal:///(app-pages-browser)/./node_modules/next/dist/compiled/react-dom-experimental/cjs/react-dom.development.js:23035:9)
    at recursivelyTraversePassiveMountEffects (webpack-internal:///(app-pages-browser)/./node_modules/next/dist/compiled/react-dom-experimental/cjs/react-dom.development.js:22902:7)
    at commitPassiveMountOnFiber (webpack-internal:///(app-pages-browser)/./node_modules/next/dist/compiled/react-dom-experimental/cjs/react-dom.development.js:23035:9)
    at recursivelyTraversePassiveMountEffects (webpack-internal:///(app-pages-browser)/./node_modules/next/dist/compiled/react-dom-experimental/cjs/react-dom.development.js:22902:7)
    at commitPassiveMountOnFiber (webpack-internal:///(app-pages-browser)/./node_modules/next/dist/compiled/react-dom-experimental/cjs/react-dom.development.js:23035:9)
    at recursivelyTraversePassiveMountEffects (webpack-internal:///(app-pages-browser)/./node_modules/next/dist/compiled/react-dom-experimental/cjs/react-dom.development.js:22902:7)
    at commitPassiveMountOnFiber (webpack-internal:///(app-pages-browser)/./node_modules/next/dist/compiled/react-dom-experimental/cjs/react-dom.development.js:22921:9)
    at recursivelyTraversePassiveMountEffects (webpack-internal:///(app-pages-browser)/./node_modules/next/dist/compiled/react-dom-experimental/cjs/react-dom.development.js:22902:7)
    at commitPassiveMountOnFiber (webpack-internal:///(app-pages-browser)/./node_modules/next/dist/compiled/react-dom-experimental/cjs/react-dom.development.js:23035:9)
    at recursivelyTraversePassiveMountEffects (webpack-internal:///(app-pages-browser)/./node_modules/next/dist/compiled/react-dom-experimental/cjs/react-dom.development.js:22902:7)
    at commitPassiveMountOnFiber (webpack-internal:///(app-pages-browser)/./node_modules/next/dist/compiled/react-dom-experimental/cjs/react-dom.development.js:23035:9)
    at recursivelyTraversePassiveMountEffects (webpack-internal:///(app-pages-browser)/./node_modules/next/dist/compiled/react-dom-experimental/cjs/react-dom.development.js:22902:7)
    at commitPassiveMountOnFiber (webpack-internal:///(app-pages-browser)/./node_modules/next/dist/compiled/react-dom-experimental/cjs/react-dom.development.js:23035:9)
    at recursivelyTraversePassiveMountEffects (webpack-internal:///(app-pages-browser)/./node_modules/next/dist/compiled/react-dom-experimental/cjs/react-dom.development.js:22902:7)
    at commitPassiveMountOnFiber (webpack-internal:///(app-pages-browser)/./node_modules/next/dist/compiled/react-dom-experimental/cjs/react-dom.development.js:23035:9)
    at recursivelyTraversePassiveMountEffects (webpack-internal:///(app-pages-browser)/./node_modules/next/dist/compiled/react-dom-experimental/cjs/react-dom.development.js:22902:7)
    at commitPassiveMountOnFiber (webpack-internal:///(app-pages-browser)/./node_modules/next/dist/compiled/react-dom-experimental/cjs/react-dom.development.js:23035:9)
[    2569ms] [ERROR] The above error occurred in the <NotFoundErrorBoundary> component:

    at commitPassiveMountOnFiber (webpack-internal:///(app-pages-browser)/./node_modules/next/dist/compiled/react-dom-experimental/cjs/react-dom.development.js:22921:9)
    at NotFoundBoundary (webpack-internal:///(app-pages-browser)/./node_modules/next/dist/client/components/not-found-boundary.js:62:11)
    at DevRootNotFoundBoundary (webpack-internal:///(app-pages-browser)/./node_modules/next/dist/client/components/dev-root-not-found-boundary.js:32:11)
    at commitPassiveMountOnFiber (webpack-internal:///(app-pages-browser)/./node_modules/next/dist/compiled/react-dom-experimental/cjs/react-dom.development.js:22921:9)
    at HotReload (webpack-internal:///(app-pages-browser)/./node_modules/next/dist/client/components/react-dev-overlay/hot-reloader-client.js:326:11)
    at Router (webpack-internal:///(app-pages-browser)/./node_modules/next/dist/client/components/app-router.js:147:11)
    at commitPassiveMountOnFiber (webpack-internal:///(app-pages-browser)/./node_modules/next/dist/compiled/react-dom-experimental/cjs/react-dom.development.js:22921:9)
    at ErrorBoundary (webpack-internal:///(app-pages-browser)/./node_modules/next/dist/client/components/error-boundary.js:110:11)
    at AppRouter (webpack-internal:///(app-pages-browser)/./node_modules/next/dist/client/components/app-router.js:417:13)
    at ServerRoot (webpack-internal:///(app-pages-browser)/./node_modules/next/dist/client/app-index.js:123:11)
    at RSCComponent
    at Root (webpack-internal:///(app-pages-browser)/./node_modules/next/dist/client/app-index.js:139:11)

React will try to recreate this component tree from scratch using the error boundary you provided, ReactDevOverlay. @ webpack-internal:///(app-pages-browser)/./node_modules/next/dist/client/app-index.js:31
[   70387ms] [LOG] [Fast Refresh] rebuilding @ webpack-internal:///(app-pages-browser)/./node_modules/next/dist/client/components/react-dev-overlay/hot-reloader-client.js:150
[   71870ms] [WARNING] [Fast Refresh] performing full reload

Fast Refresh will perform a full reload when you edit a file that's imported by modules outside of the React rendering tree.
You might have a file which exports a React component but also exports a value that is imported by a non-React component file.
Consider migrating the non-React component export to a separate file and importing it into both files.

It is also possible the parent component of the component you edited is a class component, which disables Fast Refresh.
Fast Refresh requires at least one parent function component in your React tree. @ webpack-internal:///(app-pages-browser)/./node_modules/next/dist/client/components/react-dev-overlay/hot-reloader-client.js:84
[   73718ms] [INFO] %cDownload the React DevTools for a better development experience: https://reactjs.org/link/react-devtools font-weight:bold @ webpack-internal:///(app-pages-browser)/./node_modules/next/dist/compiled/react-dom-experimental/cjs/react-dom.development.js:37828
[   74836ms] [ERROR] Failed to load resource: the server responded with a status of 401 (Unauthorized) @ http://127.0.0.1:3101/api/plan/status:0
[   74906ms] [WARNING] Image with src "/images/landing/stop-motion/hero-creator-frame-01-v1.webp" was detected as the Largest Contentful Paint (LCP). Please add the "priority" property if this image is above the fold.
Read more: https://nextjs.org/docs/api-reference/next/image#priority @ webpack-internal:///(app-pages-browser)/./node_modules/next/dist/shared/lib/utils/warn-once.js:15
[   75524ms] [ERROR] Failed to load resource: the server responded with a status of 401 (Unauthorized) @ http://127.0.0.1:3101/api/plan/status?force=true:0
[   76777ms] [ERROR] Failed to load resource: the server responded with a status of 401 (Unauthorized) @ http://127.0.0.1:3101/api/plan/status?force=true:0
